0 info it worked if it ends with ok
1 verbose cli [ '/home/toby/.nvm/versions/node/v6.0.0/bin/node',
1 verbose cli   '/home/toby/.nvm/versions/node/v6.0.0/bin/npm',
1 verbose cli   'run',
1 verbose cli   'app' ]
2 info using npm@3.8.6
3 info using node@v6.0.0
4 verbose run-script [ 'preapp', 'app', 'postapp' ]
5 info lifecycle coffer@0.0.1~preapp: coffer@0.0.1
6 silly lifecycle coffer@0.0.1~preapp: no script for preapp, continuing
7 info lifecycle coffer@0.0.1~app: coffer@0.0.1
8 verbose lifecycle coffer@0.0.1~app: unsafe-perm in lifecycle true
9 verbose lifecycle coffer@0.0.1~app: PATH: /home/toby/.nvm/versions/node/v6.0.0/lib/node_modules/npm/bin/node-gyp-bin:/home/toby/vessel/projects/coffer/node_modules/.bin:/home/toby/.nvm/versions/node/v6.0.0/bin:/home/toby/.gvm/pkgsets/go1.6.2/global/bin:/home/toby/.gvm/gos/go1.6.2/bin:/home/toby/.gvm/pkgsets/go1.6.2/global/overlay/bin:/home/toby/.gvm/bin:/home/toby/.gvm/bin:/home/toby/.nvm/versions/node/v6.0.0/bin:/home/toby/.gvm/pkgsets/go1.6.2/global/bin:/home/toby/.gvm/gos/go1.6.2/bin:/home/toby/.gvm/pkgsets/go1.6.2/global/overlay/bin:/home/toby/.gvm/bin:/home/toby/.gvm/bin:/home/toby/.gem/ruby/2.3.0/bin:/usr/share/coffer:/usr/local/sbin:/usr/local/bin:/usr/bin:/usr/lib/jvm/default/bin:/usr/bin/site_perl:/usr/bin/vendor_perl:/usr/bin/core_perl
10 verbose lifecycle coffer@0.0.1~app: CWD: /home/toby/vessel/projects/coffer
11 silly lifecycle coffer@0.0.1~app: Args: [ '-c', 'electron dist/coffer' ]
12 silly lifecycle coffer@0.0.1~app: Returned: code: 1  signal: null
13 info lifecycle coffer@0.0.1~app: Failed to exec app script
14 verbose stack Error: coffer@0.0.1 app: `electron dist/coffer`
14 verbose stack Exit status 1
14 verbose stack     at EventEmitter.<anonymous> (/home/toby/.nvm/versions/node/v6.0.0/lib/node_modules/npm/lib/utils/lifecycle.js:239:16)
14 verbose stack     at emitTwo (events.js:106:13)
14 verbose stack     at EventEmitter.emit (events.js:191:7)
14 verbose stack     at ChildProcess.<anonymous> (/home/toby/.nvm/versions/node/v6.0.0/lib/node_modules/npm/lib/utils/spawn.js:24:14)
14 verbose stack     at emitTwo (events.js:106:13)
14 verbose stack     at ChildProcess.emit (events.js:191:7)
14 verbose stack     at maybeClose (internal/child_process.js:850:16)
14 verbose stack     at Process.ChildProcess._handle.onexit (internal/child_process.js:215:5)
15 verbose pkgid coffer@0.0.1
16 verbose cwd /home/toby/vessel/projects/coffer
17 error Linux 4.6.4-1-ARCH
18 error argv "/home/toby/.nvm/versions/node/v6.0.0/bin/node" "/home/toby/.nvm/versions/node/v6.0.0/bin/npm" "run" "app"
19 error node v6.0.0
20 error npm  v3.8.6
21 error code ELIFECYCLE
22 error coffer@0.0.1 app: `electron dist/coffer`
22 error Exit status 1
23 error Failed at the coffer@0.0.1 app script 'electron dist/coffer'.
23 error Make sure you have the latest version of node.js and npm installed.
23 error If you do, this is most likely a problem with the coffer package,
23 error not with npm itself.
23 error Tell the author that this fails on your system:
23 error     electron dist/coffer
23 error You can get information on how to open an issue for this project with:
23 error     npm bugs coffer
23 error Or if that isn't available, you can get their info via:
23 error     npm owner ls coffer
23 error There is likely additional logging output above.
24 verbose exit [ 1, true ]
